seed,arm,report_path,id,family,failure_phase,transform_ok,compile_ok,test_ok,transform_error,compile_error,test_error
3407,rust,/home/jamie/Dev/redox/eval/v2_6/report_seed3407.json,closure_shift_003,closure_shift_const,compile,True,False,False,,"error[E0308]: mismatched types --> /tmp/redox_eval_compile_b_m8qjw4/pred.rs:2:5 | 1 | pub fn closure_shift_003(x: i32) -> i32 { | --- expected `i32` because of return type 2 | |n| n + 5 | ^^^^^^^^^ expected `i32`, found closure | = note: expected type `i32` found closure `{closure@/tmp/redox_eval_co...",
3407,rust,/home/jamie/Dev/redox/eval/v2_6/report_seed3407.json,closure_shift_005,closure_shift_const,compile,True,False,False,,"error[E0308]: mismatched types --> /tmp/redox_eval_compile_3wtp3u6t/pred.rs:2:5 | 1 | pub fn closure_shift_005(x: i32) -> i32 { | --- expected `i32` because of return type 2 | |n| n + 7 | ^^^^^^^^^ expected `i32`, found closure | = note: expected type `i32` found closure `{closure@/tmp/redox_eval_co...",
3407,rust,/home/jamie/Dev/redox/eval/v2_6/report_seed3407.json,closure_shift_009,closure_shift_const,compile,True,False,False,,"error[E0308]: mismatched types --> /tmp/redox_eval_compile_weya6acu/pred.rs:2:5 | 1 | pub fn closure_shift_009(x: i32) -> i32 { | --- expected `i32` because of return type 2 | || x + 11 | ^^^^^^^^^ expected `i32`, found closure | = note: expected type `i32` found closure `{closure@/tmp/redox_eval_co...",
3407,rust,/home/jamie/Dev/redox/eval/v2_6/report_seed3407.json,closure_shift_010,closure_shift_const,compile,True,False,False,,"error[E0308]: mismatched types --> /tmp/redox_eval_compile_pluv3uqg/pred.rs:2:5 | 1 | pub fn closure_shift_010(x: i32) -> i32 { | --- expected `i32` because of return type 2 | |n| n + 12 | ^^^^^^^^^^ expected `i32`, found closure | = note: expected type `i32` found closure `{closure@/tmp/redox_eval_...",
3407,iron,/home/jamie/Dev/redox/eval/v2_6/report_seed3407.json,closure_shift_008,closure_shift_const,transform,False,False,False,"Error: Oxidation failed: Parse error: UnexpectedToken(Closure, ""identifier"")",,
2108,rust,/home/jamie/Dev/redox/eval/v2_6/report_seed2108.json,closure_shift_009,closure_shift_const,compile,True,False,False,,"error[E0308]: mismatched types --> /tmp/redox_eval_compile_uw6fzt8n/pred.rs:2:5 | 1 | pub fn closure_shift_009(x: i32) -> i32 { | --- expected `i32` because of return type 2 | || x + 11 | ^^^^^^^^^ expected `i32`, found closure | = note: expected type `i32` found closure `{closure@/tmp/redox_eval_co...",
2108,iron,/home/jamie/Dev/redox/eval/v2_6/report_seed2108.json,closure_shift_008,closure_shift_const,compile,True,False,False,,error: cannot find macro `add_10` in this scope --> /tmp/redox_eval_compile_uthgu0et/pred.rs:2:13 | 2 | let f = add_10!(x); | ^^^^^^ error: aborting due to 1 previous error,
